2025-11-16 21:33:00 | DEBUG | repo=ImageMagick | action=commit
2025-03-14 07:23:00 | WARN | repo=ImageMagick | action=commit
2025-07-10 12:28:00 | INFO | repo=ImageMagick | action=commit
2025-07-11 12:54:00 | INFO | repo=ImageMagick | action=commit
2025-07-20 17:59:00 | INFO | repo=ImageMagick | action=commit
2025-01-24 18:58:00 | DEBUG | repo=ImageMagick | action=commit
2025-09-10 19:43:00 | INFO | repo=ImageMagick | action=commit
2025-02-26 13:18:00 | DEBUG | repo=ImageMagick | action=edit | files=2
2025-04-06 13:42:00 | DEBUG | repo=ImageMagick | action=commit
2025-06-21 07:46:00 | DEBUG | repo=ImageMagick | action=commit
2025-02-14 13:11:00 | WARN | repo=ImageMagick | action=commit
2025-07-17 15:02:00 | WARN | repo=ImageMagick | action=commit
2025-10-19 13:50:00 | WARN | repo=ImageMagick | action=commit
2025-08-13 08:57:00 | INFO | repo=ImageMagick | action=commit
2025-07-18 18:26:00 | WARN | repo=ImageMagick | action=commit
2025-01-08 18:15:00 | DEBUG | repo=ImageMagick | action=commit
2025-01-03 11:51:00 | DEBUG | repo=ImageMagick | action=commit
2025-05-06 14:56:00 | DEBUG | repo=ImageMagick | action=commit
2025-10-20 09:32:00 | DEBUG | repo=ImageMagick | action=test | passed=true
2025-07-02 07:42:00 | INFO | repo=ImageMagick | action=commit
2025-11-11 15:55:00 | DEBUG | repo=ImageMagick | action=commit
2025-01-14 10:19:00 | INFO | repo=ImageMagick | action=pull
2025-08-20 15:15:00 | WARN | repo=ImageMagick | action=pull
2025-12-07 08:18:00 | WARN | repo=ImageMagick | action=test | passed=true
2025-05-24 21:01:00 | WARN | repo=ImageMagick | action=edit | files=5
2025-01-26 13:30:00 | WARN | repo=ImageMagick | action=pull
2025-10-13 21:05:00 | WARN | repo=ImageMagick | action=commit
2025-09-21 19:12:00 | DEBUG | repo=ImageMagick | action=edit | files=5
2025-01-05 15:34:00 | WARN | repo=ImageMagick | action=commit
2025-02-01 16:13:00 | WARN | repo=ImageMagick | action=pull
2025-02-23 18:27:00 | INFO | repo=ImageMagick | action=commit
